[musemind.agency/about-us.html]
[backblue.gif]
[fade.gif]
[index.html]
[assets-global.website-files.com/643f7373d3f6653157617339/css/muse-mind.2e64986fe.min.css]
[assets-global.website-files.com/643f7373d3f6653157617339/6506ea199ef869fb79a2318a_musemind.jpg]
[assets-global.website-files.com/643f7373d3f6653157617339/6506ea022a4b20c9d19afc44_musemind.jpg]
[musemind.agency/services/ui-ux-design.html]
[musemind.agency/services/web-design-development.html]
[musemind.agency/services/mobile-app-design.html]
[musemind.agency/services/saas-design.html]
[musemind.agency/services/mvp-development.html]
[musemind.agency/services/design-system.html]
[musemind.agency/services/webflow-design-development.html]
[musemind.agency/services/brand-identity-design.html]
[musemind.agency/case-study.html]
[musemind.agency/ui-ux-process.html]
[musemind.agency/career.html]
[musemind.agency/blog.html]
[musemind.agency/contact.html]
[assets-global.website-files.com/643f7373d3f6653157617339/652640849c6b8376d3fcfd5c_ui-ux-design-services.png]
[assets-global.website-files.com/643f7373d3f6653157617339/64d20386f39684b3109fab25_web-design.jpg]
[assets-global.website-files.com/643f7373d3f6653157617339/64d3626d34cca03f258d8696_Branding.jpg]
[assets-global.website-files.com/643f7373d3f6653157617339/64d205c49886311dd3d026e2_webflow-menu.jpg]
[assets-global.website-files.com/643f7373d3f6653157617339/64d2062fddc3026cd20861ac_mvp.jpg]
[assets-global.website-files.com/643f7373d3f6653157617339/64d203889efc2204f955ed48_sass.jpg]
[assets-global.website-files.com/643f7373d3f6653157617339/64d2079a1155224d65ad119c_mobile design.jpg]
[assets-global.website-files.com/643f7373d3f6653157617339/65263ffad923b93fe260e47b_design-system-services.png]
[assets-global.website-files.com/643f7373d3f6653157617339/652681ab8ea365a401a7693c_musemind-ui-ux-design-agency.jpg]
[assets-global.website-files.com/643f7373d3f6653157617339/644a1c92b49983ca116cd5f2_Rectangle 17714.png]
[assets-global.website-files.com/643f7373d3f6653157617339/64dc91a43ec6291b9025c347_3D Component.png]
[assets-global.website-files.com/643f7373d3f6653157617339/6506943c017d69e73cfd874c_William lowe.png]
[assets-global.website-files.com/643f7373d3f6653157617339/650694bb8898be51691522c3_Ewen.png]
[assets-global.website-files.com/643f7373d3f6653157617339/650695d04dbf8fc5d0eab4c3_Nedin.png]
[assets-global.website-files.com/643f7373d3f6653157617339/6506761e4ef9625292ac52ba_SELITON.png]
[assets-global.website-files.com/643f7373d3f6653157617339/6506761e84ac02253cff1b69_ondeck.png]
[assets-global.website-files.com/643f7373d3f6653157617339/6506761e107238bf788fde75_sabersim.png]
[assets-global.website-files.com/643f7373d3f6653157617339/6506761eef3d3e0c85273a4f_onelinl.png]
[assets-global.website-files.com/643f7373d3f6653157617339/6506761e4dbf8fc5d0d64102_peel.png]
[assets-global.website-files.com/643f7373d3f6653157617339/6506761e45fb7fdc0aab5cfb_wardobe.png]
[assets-global.website-files.com/643f7373d3f6653157617339/6501538c9e1eb2f80ca2bcdc_Company=inks.ai.png]
[assets-global.website-files.com/643f7373d3f6653157617339/6506761edd20d1e0f8253fa9_panthre.png]
[assets-global.website-files.com/643f7373d3f6653157617339/6506768364ee640218ce21e6_cissdm.png]
[assets-global.website-files.com/643f7373d3f6653157617339/650676838eaeb28e204012bb_helpful.png]
[assets-global.website-files.com/643f7373d3f6653157617339/65a67cc6a52043fdbaf05e77_Contact Bg.png]
[assets-global.website-files.com/643f7373d3f6653157617339/659037beb047557f61fb7e30_Clutch logo.png]
[assets-global.website-files.com/643f7373d3f6653157617339/659037be2f3b272e256005df_Dribble logo.png]
[assets-global.website-files.com/643f7373d3f6653157617339/659037be3fcec21648cdf71f_Goodfirms logo.png]
[assets-global.website-files.com/643f7373d3f6653157617339/659037beff862aa0bc792288_Design Rush.png]
[assets-global.website-files.com/643f7373d3f6653157617339/659037be88fbae0751e81653_Behance logo.png]
[assets-global.website-files.com/643f7373d3f6653157617339/659037bee6f0cbe17a5ce9dd_Webflow logo.png]
[assets-global.website-files.com/643f7373d3f6653157617339/65903686c4c1c4b70cad24b3_facebook.png]
[d3e54v103j8qbb.cloudfront.net/js/jquery-3.5.1.min.dc5e7f18c88296.js]
[assets-global.website-files.com/643f7373d3f6653157617339/js/muse-mind.ea45dcd88.js]
[cdn.jsdelivr.net/gh/studio-freight/lenis@0.2.28/bundled/lenis.js]
[cdn.jsdelivr.net/npm/jquery@3/dist/jquery.min.js]
[cdn.jsdelivr.net/npm/swiper@8/swiper-bundle.min.js]
[cdnjs.cloudflare.com/ajax/libs/waypoints/4.0.0/jquery.waypoints.min.js]
[cdn.jsdelivr.net/npm/jquery.counterup@2.1.0/jquery.counterup.min.js]
[musemind.agency/about-us.html]
[assets-global.website-files.com/643f7373d3f6653157617339/css/muse-mind.2e64986fe.min.css]
[assets-global.website-files.com/643f7373d3f6653157617339/65844832df37fcb3768b70dc_short_down.png]
[assets-global.website-files.com/643f7373d3f6653157617339/6577042f27bec8fa454550a9_Group 1171277569.jpg]
[assets-global.website-files.com/643f7373d3f6653157617339/65b74a6418c0ed90763caa17_uix cta.png]
[assets-global.website-files.com/643f7373d3f6653157617339/65b8fea6edf116104a6c5c92_saas-ux-audit.jpg]
[assets-global.website-files.com/643f7373d3f6653157617339/65b8fe9a94e25da8f09481d9_saas-ux-design.jpg]
[assets-global.website-files.com/643f7373d3f6653157617339/65b8f7def5c1841e8c372208_data-visualization.jpg]
[assets-global.website-files.com/643f7373d3f6653157617339/65b8f7ebfac8821442c522d0_wireframe.jpg]
[assets-global.website-files.com/643f7373d3f6653157617339/65b8f7eedc0602adb722d5c1_data-driven-design.jpg]
[assets-global.website-files.com/643f7373d3f6653157617339/65b9d119921de7116283586a_ux-data-visualization.png]
[assets-global.website-files.com/643f7373d3f6653157617339/65b8ed4c7a3ef8d407071ee5_image 11.png]
[musemind.agency/case-study/raisethon.html]
[assets-global.website-files.com/643f7373d3f6653157617339/65b74a65a2664d1645594757_uix main.png]
[assets-global.website-files.com/643f7373d3f6653157617339/65b9006522f9d10bf9b1f5a8_Joseph Macgregor.png]
[assets-global.website-files.com/643f7373d3f6653157617339/64f99635786961593aecc068_clutch.png]
[assets-global.website-files.com/643f7373d3f6653157617339/65b8f99f8ee1f1b30a45b333_Nedin-Hamza.png]
[assets-global.website-files.com/643f7373d3f6653157617339/65b900655a6e9ee210e9d6c7_Göran-Andersson.png]
[assets-global.website-files.com/643f7373d3f6653157617339/65b900651a2cb4a53ba4fc2a_Rimon-Attalla.png]
[assets-global.website-files.com/643f7373d3f6653157617339/658c05bbc7d6a88a8223a8b1_Arrow New.png]
[assets-global.website-files.com/643f7373d3f6653157617339/658c05e035d9c5d29fc419ef_Arrow New.png]
[assets-global.website-files.com/643f7373d3f6653157617339/6576f8670295fc5759be51d1_Component 82-1.png]
[assets-global.website-files.com/643f7373d3f6653157617339/65840e188fe7ad63d2701163_hajj.png]
[assets-global.website-files.com/643f7373d3f6653157617339/6576f81e24ee016c28721557_Component 82.png]
[assets-global.website-files.com/643f7373d3f6653157617339/6576f81e3cfe07ecbb1e6795_Component 81-1.png]
[assets-global.website-files.com/643f7373d3f6653157617339/6584438f7054be69571e15ac_Component 78.png]
[assets-global.website-files.com/643f7373d3f6653157617339/65840ecc15cf999dace93530_nuport.png]
[assets-global.website-files.com/643f7373d3f6653157617339/6584438ff224474c6aa6345e_Component 79.png]
[assets-global.website-files.com/643f7373d3f6653157617339/6576f8bd2d83e2dbd52620ce_Component 74.png]
[assets-global.website-files.com/643f7373d3f6653157617339/6576f81e38e2cc757488f22f_Component 79.png]
[assets-global.website-files.com/643f7373d3f6653157617339/65b74a65a2664d1645594743_uix featured.png]
[musemind.agency/services/ui-ux-design.html]
[assets-global.website-files.com/643f7373d3f6653157617339/65b87d788f5464296484436d_Web design main.png]
[assets-global.website-files.com/643f7373d3f6653157617339/65b902284333a34a0c54f2c6_landing-page-design.jpg]
[assets-global.website-files.com/643f7373d3f6653157617339/65b9022b565b5397edd67870_website-design.jpg]
[assets-global.website-files.com/643f7373d3f6653157617339/65b90231b8b6045f291a63ce_cms-development.jpg]
[assets-global.website-files.com/643f7373d3f6653157617339/65b902350aefd7529f388858_information-architecture.jpg]
[assets-global.website-files.com/643f7373d3f6653157617339/65b9023a87131e7acc3cb6f9_website-redesign.jpg]
[assets-global.website-files.com/643f7373d3f6653157617339/65b9024206f690c9f9208789_seo-optimization.jpg]
[assets-global.website-files.com/643f7373d3f6653157617339/65095f4eaad69a48bf296acc_Panther.png]
[musemind.agency/case-study/panther.html]
[assets-global.website-files.com/643f7373d3f6653157617339/65b87d799791a698dfbf1ab1_Web Design CTA.png]
[assets-global.website-files.com/643f7373d3f6653157617339/65b8fe2a48d01cba0b2b0a2f_Ian-McNaught.png]
[assets-global.website-files.com/643f7373d3f6653157617339/65b8ff988b88d2c4b9c132f7_Abdul-Rahaman.png]
[assets-global.website-files.com/643f7373d3f6653157617339/65b8ffafec2547e22b456107_Sharon-McAuley.png]
[assets-global.website-files.com/643f7373d3f6653157617339/65b8fe2a73882037502084ab_Gene-Bohn.png]
[assets-global.website-files.com/643f7373d3f6653157617339/65b87d78074833e8d1474759_web design featured.png]
[musemind.agency/services/web-design-development.html]
[assets-global.website-files.com/643f7373d3f6653157617339/65b23eaf6db17d4258bdf80a_mobile main.png]
[assets-global.website-files.com/643f7373d3f6653157617339/64ec3952031d1270f4d0fc90_logo-design.jpg]
[assets-global.website-files.com/643f7373d3f6653157617339/64ec4146469d6a03a29ead79_Visual Branding.jpg]
[assets-global.website-files.com/643f7373d3f6653157617339/64ec3929da9f385007dfb86c_digital-brand-design.jpg]
[assets-global.website-files.com/643f7373d3f6653157617339/64ec3971469214acf0443544_branding-design-agency.jpg]
[assets-global.website-files.com/643f7373d3f6653157617339/64ec41698fd73b1b204cef87_graphics-design-services.jpg]
[assets-global.website-files.com/643f7373d3f6653157617339/64ef0e8cf502c4204d94c7be_website-app-design.jpg]
[assets-global.website-files.com/643f7373d3f6653157617339/65095fd263fe4ef34e258dd9_tamara.png]
[musemind.agency/case-study/cartize.html]
[assets-global.website-files.com/643f7373d3f6653157617339/65b23e1052d89d91502aabe6_mobile final.png]
[assets-global.website-files.com/643f7373d3f6653157617339/65b8fea8877a85387b9b81ec_Christophe-Lallemand.png]
[assets-global.website-files.com/643f7373d3f6653157617339/65b8fea8bd18e30358555e39_Robin-Fish.png]
[assets-global.website-files.com/643f7373d3f6653157617339/65b8fde22634f2db6e125c36_Bns-Jabed.png]
[assets-global.website-files.com/643f7373d3f6653157617339/65b23e0ea35e64fd21635bdb_mobile featured.png]
[musemind.agency/services/mobile-app-design.html]
[assets-global.website-files.com/643f7373d3f6653157617339/65b2235dfb6cf4529d996b33_uix.png]
[assets-global.website-files.com/643f7373d3f6653157617339/65b9e6500fc6e6c4d4ff6d20_saas-audit.png]
[assets-global.website-files.com/643f7373d3f6653157617339/65b9e6555c2f6a93443e4b60_saas-ui-ux.png]
[assets-global.website-files.com/643f7373d3f6653157617339/65b8feb6f2a81d4d6052a424_saas-design.jpg]
[assets-global.website-files.com/643f7373d3f6653157617339/65b8feba94e25da8f09493ae_saas-web-design.jpg]
[assets-global.website-files.com/643f7373d3f6653157617339/65b8fec4ff6984f309a16f80_saas-ui.jpg]
[assets-global.website-files.com/643f7373d3f6653157617339/65b8fec0237075e8dc47d1d7_saas-branding.jpg]
[assets-global.website-files.com/643f7373d3f6653157617339/65b8ea74124a9959baf7fc5f_konoom.png]
[musemind.agency/case-study/konoom.html]
[assets-global.website-files.com/643f7373d3f6653157617339/65b22ba00f91c2b80c457ac5_final cta.png]
[assets-global.website-files.com/643f7373d3f6653157617339/65b8f99f9f5ab99e858e27b9_Nicolas-Grasset.png]
[assets-global.website-files.com/643f7373d3f6653157617339/65b22c2f54c7ab878c07e7c8_Featured case.png]
[musemind.agency/services/saas-design.html]
[assets-global.website-files.com/643f7373d3f6653157617339/65b7335ac78b959ebd7eb110_MVP Main.png]
[assets-global.website-files.com/643f7373d3f6653157617339/65b8fd3f381f015f07b400ec_mvp.jpg]
[assets-global.website-files.com/643f7373d3f6653157617339/65b8fd441517661bbd3e3e7a_mvp-development.jpg]
[assets-global.website-files.com/643f7373d3f6653157617339/65b8fd4e02521f69d61ab475_mvp-web-development.jpg]
[assets-global.website-files.com/643f7373d3f6653157617339/65b8fd56fdd38f73e60b01c6_mvp-prototype.jpg]
[assets-global.website-files.com/643f7373d3f6653157617339/65b8fd64eecd2ad99e9a3d0d_complete-mvp-development.jpg]
[assets-global.website-files.com/643f7373d3f6653157617339/65b8fd69686be3d30b09203c_mvp-consultation.jpg]
[assets-global.website-files.com/643f7373d3f6653157617339/65b8f132cc485322583734ed_dockly.png]
[musemind.agency/case-study/docly.html]
[assets-global.website-files.com/643f7373d3f6653157617339/65b735e123169546f983f865_MVP CTa.png]
[assets-global.website-files.com/643f7373d3f6653157617339/658442f756738b9c31692f20_1594796989173 1.png]
[assets-global.website-files.com/643f7373d3f6653157617339/65b7335a30193b184ec5809a_MVP Featurec.png]
[musemind.agency/services/mvp-development.html]
[assets-global.website-files.com/643f7373d3f6653157617339/65b23b77f358134f31818978_design system.png]
[assets-global.website-files.com/643f7373d3f6653157617339/65b8f66cc22732d3825a2d80_guidelines.jpg]
[assets-global.website-files.com/643f7373d3f6653157617339/65b8f673ba5b2ffd5061dd4f_visual.jpg]
[assets-global.website-files.com/643f7373d3f6653157617339/65b8f67afeab5793d4715d27_ui-components.jpg]
[assets-global.website-files.com/643f7373d3f6653157617339/65b8f68b469f25a56a4b71b4_code.jpg]
[assets-global.website-files.com/643f7373d3f6653157617339/65b8f6903f01b142032c53ab_audits.jpg]
[assets-global.website-files.com/643f7373d3f6653157617339/65b8f680ba5b2ffd5061df07_integration.jpg]
[assets-global.website-files.com/643f7373d3f6653157617339/65b8c68c4493c4b99e6f4a24_Goboos.png]
[musemind.agency/case-study/goboos.html]
[assets-global.website-files.com/643f7373d3f6653157617339/65b23c628aafb9c10055b4ea_Design system Final cta.png]
[assets-global.website-files.com/643f7373d3f6653157617339/65b8fde25df519d2b417818b_Jarrad-Grigg.png]
[assets-global.website-files.com/643f7373d3f6653157617339/65b8fde26615a2b8065d3f68_craig-swann.png]
[assets-global.website-files.com/643f7373d3f6653157617339/65b8fde27a8decb47ac7b4f8_Jay-Stevens.png]
[assets-global.website-files.com/643f7373d3f6653157617339/65b23cea601c010bd5ce348e_design system featured.png]
[musemind.agency/services/design-system.html]
[assets-global.website-files.com/643f7373d3f6653157617339/65b72f7bbd2e7d160df01741_webflow main.png]
[assets-global.website-files.com/643f7373d3f6653157617339/64ec31af256eff9004425297_webflow-website-development.jpg]
[assets-global.website-files.com/643f7373d3f6653157617339/64ec31ad2a3121cc18cae08f_webflow-ecommerce.jpg]
[assets-global.website-files.com/643f7373d3f6653157617339/64ec31ae15f382d0b8feff46_webflow-integration.jpg]
[assets-global.website-files.com/643f7373d3f6653157617339/64ec31afc3c6540c9b216430_webflow-interaction.jpg]
[assets-global.website-files.com/643f7373d3f6653157617339/64ec31aec9e4b940122a5012_webflow-seo-optimization.jpg]
[assets-global.website-files.com/643f7373d3f6653157617339/64ec31adb7f9f2652152f99a_webflow-design-for-startup.jpg]
[assets-global.website-files.com/643f7373d3f6653157617339/65b8b566ff5245044eee2ebb_dental-care-weflow-design.jpg]
[assets-global.website-files.com/643f7373d3f6653157617339/65b8b57fbc2c557877830bf2_ai-writing-tools-webflow-design.jpg]
[assets-global.website-files.com/643f7373d3f6653157617339/65b8b597b70ab25c5125233a_vr-webflow-design.jpg]
[assets-global.website-files.com/643f7373d3f6653157617339/65b8b5c2e5a419087d1e29ce_dentico-webflow-design.jpg]
[assets-global.website-files.com/643f7373d3f6653157617339/65b8b5faaa2e34efaffa12e6_mediation-webflow-design.jpg]
[assets-global.website-files.com/643f7373d3f6653157617339/65b8b60442a2d10df479d087_pharmacy-webflow-design.jpg]
[assets-global.website-files.com/643f7373d3f6653157617339/65b8b65358dc50155c80094a_dental-health-webflow-design.jpg]
[assets-global.website-files.com/643f7373d3f6653157617339/65b8b66b385070d90a4bf76a_skill-develop-webflow-design.jpg]
[assets-global.website-files.com/643f7373d3f6653157617339/65b8f2a613b5dbc9da5ae52d_step 1.png]
[assets-global.website-files.com/643f7373d3f6653157617339/65b72f7b1198aadc4a373cd9_webflow final.png]
[assets-global.website-files.com/643f7373d3f6653157617339/65b8fe2bac641cef67697c4a_Rameet-Charvla.png]
[assets-global.website-files.com/643f7373d3f6653157617339/65b8fe2a64f8e691b78e8c4a_Lucas-Holm.png]
[assets-global.website-files.com/643f7373d3f6653157617339/65b72f7ccebba152b51b7fd7_webflow featured.png]
[musemind.agency/services/webflow-design-development.html]
[assets-global.website-files.com/643f7373d3f6653157617339/65b2413efdb5d9ca8f1c09b2_brand final cta.png]
[assets-global.website-files.com/643f7373d3f6653157617339/65b8f91a1c17b21ef98c4a4a_branding.jpg]
[assets-global.website-files.com/643f7373d3f6653157617339/65b8f91e62d9a84edadb68ce_branding-design.jpg]
[assets-global.website-files.com/643f7373d3f6653157617339/65b8f926ee1443a9a42f893a_branding-development.jpg]
[assets-global.website-files.com/643f7373d3f6653157617339/65b8f92a64e49bc89d894a63_visual=branding.jpg]
[assets-global.website-files.com/643f7373d3f6653157617339/65b8f93131eb79fc73d4c6f0_brand-audit.jpg]
[assets-global.website-files.com/643f7373d3f6653157617339/65b8f93778bde1c8aafeb889_brand-strategy.jpg]
[assets-global.website-files.com/643f7373d3f6653157617339/65b8ec6a745c71b748a89cfd_onelink.png]
[musemind.agency/case-study/one-link-nft.html]
[assets-global.website-files.com/643f7373d3f6653157617339/65b2413f3dfbfb12eb47a984_brand main.png]
[assets-global.website-files.com/643f7373d3f6653157617339/65b8fb5445b52c693ea5cbb3_roshid-i.png]
[assets-global.website-files.com/643f7373d3f6653157617339/65b8fb54e99c725a3cde4c07_Johnny-Lim.png]
[assets-global.website-files.com/643f7373d3f6653157617339/65b2413ea70bd488c03f4941_brand featured.png]
[musemind.agency/services/brand-identity-design.html]
[assets-global.website-files.com/643f7373d3f6653157617339/64fffd85b1b101095f90778b_3D Element.png]
[musemind.agency/case-study/finany.html]
[musemind.agency/case-study/avgar-pro.html]
[musemind.agency/case-study/dior.html]
[assets-global.website-files.com/643f7373d3f6653157617339/654b53ec12eca166d406bc60_Onelink-1.png]
[musemind.agency/case-study.html]
[assets-global.website-files.com/643f7373d3f6653157617339/64f989542324ecc4fb448878_3D Component.png]
[assets-global.website-files.com/643f7373d3f6653157617339/64e2e39bb12e8c1439144f4d_Arrow 2.png]
[assets-global.website-files.com/643f7373d3f6653157617339/64e2e62ea4fc44bcac7156e8_Group 1171277580.png]
[musemind.agency/ui-ux-process.html]
[cdnjs.cloudflare.com/ajax/libs/Swiper/3.4.2/css/swiper.min.css]
[assets-global.website-files.com/643f7373d3f6653157617339/650821443487e4f9f0fc7ceb_munira_musemind.jpg]
[assets-global.website-files.com/643f7373d3f6653157617339/658424f2ce14c146dc7f06f3_musemind-inner.jpg]
[assets-global.website-files.com/643f7373d3f6653157617339/6584254060e9cfe59fbe127e_musmeind-brain-storming.jpg]
[assets-global.website-files.com/643f7373d3f6653157617339/658425b07d7b8ef0f5977867_musemind-workplace.jpg]
[assets-global.website-files.com/643f7373d3f6653157617339/658425e608b4ce71ca093523_musemind-inner-workplace.jpg]
[assets-global.website-files.com/643f7373d3f6653157617339/6584262725c5542710357d74_musemind-cycle-wall.jpg]
[assets-global.website-files.com/643f7373d3f6653157617339/65842587e41dc22da0db629c_musemind-cafeteria.jpg]
[assets-global.website-files.com/643f7373d3f6653157617339/650c129e5b3c4b75048da51c_Job Search.png]
[musemind.agency/career.html]
[musemind.agency/blog/rebranding-with-purpose-embracing-growth-and-transformation.html]
[assets-global.website-files.com/644911ba57947a8c25ad6be7/6524ce81e42b4fae929340b4_musmeind-rebranding.png]
[musemind.agency/blog/best-tools-for-ui-designers.html]
[assets-global.website-files.com/644911ba57947a8c25ad6be7/64d4519205253d279a4a28a8_ui-design-tools.jpg]
[musemind.agency/blog/product-designer-skills-needs-to-succeed.html]
[assets-global.website-files.com/644911ba57947a8c25ad6be7/64dc842ea8135e1414db0ba8_product-designer-skills.jpg]
[assets-global.website-files.com/644911ba57947a8c25ad6be7/64dc82bbf1db1c545c8b2265_interaction-design-principles.jpg]
[musemind.agency/blog/ui-design-trends.html]
[assets-global.website-files.com/644911ba57947a8c25ad6be7/64dc8784421b615aebab8aa3_ui-design-trends.jpg]
[musemind.agency/blog/most-effective-tools-for-a-b-testing.html]
[assets-global.website-files.com/644911ba57947a8c25ad6be7/64d45046198391bd4f6f589f_ux-ab-testing-tools.jpg]
[assets-global.website-files.com/644911ba57947a8c25ad6be7/651121e5e7e5d60c104d1055_elements-branding-strategy.jpg]
[assets-global.website-files.com/644911ba57947a8c25ad6be7/64dc4e1962fe24e29581abf5_Create-A-Mobile-Prototype.jpg]
[musemind.agency/blog/reasons-why-you-must-hire-a-product-designer.html]
[assets-global.website-files.com/644911ba57947a8c25ad6be7/64d49c837d8844aa745e05dd_hire-product-designer.png]
[assets-global.website-files.com/644911ba57947a8c25ad6be7/64dc506bf623b63b430e44d2_importance-hi-fi-prototyping.jpg]
[assets-global.website-files.com/644911ba57947a8c25ad6be7/64d46d39671f7c1f755e5689_user-interface-design-principles.jpg]
[musemind.agency/blog/ui-ux-design-history.html]
[assets-global.website-files.com/644911ba57947a8c25ad6be7/64d3686f8d17a8b293c9f9de_history-and-evolution-of-ui-ux-design.jpg]
[musemind.agency/blog/ui-ux-designer-careers-salaries.html]
[assets-global.website-files.com/644911ba57947a8c25ad6be7/6535091b5221f2ab485ed4fe_ui-ux-design-careers-and-salaries.jpg]
[musemind.agency/blogf08f.html]
[cdn.finsweet.com/files/cmslibrary-v1.8.js]
[musemind.agency/blog.html]
[cdn.jsdelivr.net/npm/@finsweet/attributes-cmsload@1/cmsload.js]
[assets-global.website-files.com/643f7373d3f6653157617339/6543834853995b28c0632a07_Brand Deck.png]
[assets-global.website-files.com/643f7373d3f6653157617339/654383496165a2810bc3dd1d_Company deck.jpg]
[cdnjs.cloudflare.com/ajax/libs/moment.js/2.29.3/moment.min.js]
[musemind.agency/contact.html]
[assets.codepen.io/319606/moment-timezone-with-data-1970-2030.js]
[cdn.jsdelivr.net/npm/swiper@8/swiper-bundle.min.css]
[assets-global.website-files.com/643f7373d3f6653157617339/649926bc386180d513ef4230_author photo.png]
[assets-global.website-files.com/643f7373d3f6653157617339/65028a6b1b2b0ce427e1e62a_raisethon-saas-ux-case-study-10.jpg]
[assets-global.website-files.com/643f7373d3f6653157617339/65028a704ffd6e481e944565_raisethon-saas-ux-case-study-11.jpg]
[assets-global.website-files.com/643f7373d3f6653157617339/650288823a31351d268729d5_raisethon-saas-ux-case-study-17.jpg]
[assets-global.website-files.com/643f7373d3f6653157617339/65028b3cfc736b31f1ba642a_raisethon-saas-ux-case-study-13.jpg]
[assets-global.website-files.com/643f7373d3f6653157617339/65028b3e789c5ed40c693741_raisethon-saas-ux-case-study-14.jpg]
[assets-global.website-files.com/643f7373d3f6653157617339/64990b4d130d679113b4bda0_image-3ef530a0-5a3d-44fa-b2b9-6401eb3dda22 1.png]
[assets-global.website-files.com/643f7373d3f6653157617339/654b3e8593dd10fac0e43d42_Tamara.jpg]
[assets-global.website-files.com/643f7373d3f6653157617339/654b3e848cb77a9e0c05e6c3_Onelink.jpg]
[assets-global.website-files.com/643f7373d3f6653157617339/654b3e8412d469fd7ff6d9c4_Mackup.jpg]
[assets-global.website-files.com/643f7373d3f6653157617339/654b3e84b3fadccbb7f2c10f_GoBoos.jpg]
[musemind.agency/case-study/raisethon.html]
[assets-global.website-files.com/643f7373d3f6653157617339/65238f693cc18faf8e68f2df_panther-william.png]
[assets-global.website-files.com/643f7373d3f6653157617339/6551a84a74a8451f4eb12257_panther-ui-ux-case-study.png]
[musemind.agency/case-study/panther.html]
[assets-global.website-files.com/643f7373d3f6653157617339/6523c55bacef12a6911842b7_cartize-stuart.png]
[musemind.agency/case-study/cartize.html]
[assets-global.website-files.com/643f7373d3f6653157617339/65239279a22f3b10adbe98d3_Nedin-konoom.png]
[musemind.agency/case-study/konoom.html]
[assets-global.website-files.com/643f7373d3f6653157617339/6502a44fc826147f1d67d8e9_docly-case-study-1.jpg]
[assets-global.website-files.com/643f7373d3f6653157617339/6523bcb4a811163a0fbea147_Terrie-docly.png]
[musemind.agency/case-study/docly.html]
[assets-global.website-files.com/643f7373d3f6653157617339/6523c0bd19594452aed76743_Robert-goboos.png]
[musemind.agency/case-study/goboos.html]
[assets-global.website-files.com/643f7373d3f6653157617339/652391e2e3313133287ea08e_Loredan-onelink.png]
[musemind.agency/case-study/one-link-nft.html]
[assets-global.website-files.com/643f7373d3f6653157617339/6502ab800ca30c543526cfcb_finance-management-case-study-1.jpg]
[assets-global.website-files.com/643f7373d3f6653157617339/6523be4c9cd454f76686d2c6_finanny-Valentin.png]
[assets-global.website-files.com/643f7373d3f6653157617339/64f8583c8f261b0f400c67e2_finany-app-ui.png]
[musemind.agency/case-study/finany.html]
[musemind.agency/case-study/avgar-pro.html]
[assets-global.website-files.com/643f7373d3f6653157617339/6523c2460ade4dfd7855bbd9_nikki-dior.png]
[musemind.agency/case-study/dior.html]
[cdnjs.cloudflare.com/ajax/libs/Swiper/3.4.2/css/swiper.min.css]
[assets-global.website-files.com/644911ba57947a8c25ad6be7/650bd7b03a4c28d2cfdaecb1_nasir_uddin_museind.png]
[musemind.agency/author/nuddin.html]
[musemind.agency/blog/art-of-visual-branding.html]
[assets-global.website-files.com/644911ba57947a8c25ad6be7/65435d4424c802a05b1c73af_the-art-of-visual-branding.jpg]
[musemind.agency/blog/why-should-give-your-design-agency-the-freedom-to-innovate.html]
[assets-global.website-files.com/644911ba57947a8c25ad6be7/6530abc1205caab50f24dafb_give-your-design-agency-freedom-to-innovate.jpg]
[musemind.agency/blog/rebranding-with-purpose-embracing-growth-and-transformation.html]
[musemind.agency/blog/how-to-build-a-ui-design-system-for-your-website.html]
[assets-global.website-files.com/644911ba57947a8c25ad6be7/64cf62af1d03f003322c72ed_figma-1024x477.png]
[assets-global.website-files.com/644911ba57947a8c25ad6be7/64cf62afc9fbfbab7e71ff16_invision-app-1024x438.png]
[assets-global.website-files.com/644911ba57947a8c25ad6be7/64cf62b01d03f003322c7374_adobe-xd.png]
[assets-global.website-files.com/644911ba57947a8c25ad6be7/64cf62b0c9fbfbab7e71ff69_sketch-1024x465.png]
[assets-global.website-files.com/644911ba57947a8c25ad6be7/64cf62b0b446fd34bcb9656c_Balsamiq-1-1024x509.png]
[assets-global.website-files.com/644911ba57947a8c25ad6be7/64cf62b07d01b047425721ae_marvel-app-1024x465.png]
[assets-global.website-files.com/644911ba57947a8c25ad6be7/64cf62b1f4d287c143cb2e2e_Axure-1024x483.png]
[assets-global.website-files.com/644911ba57947a8c25ad6be7/64cf62b08b54088e8a3adac4_origami-Studio-1024x562.png]
[musemind.agency/blog/best-tools-for-ui-designers.html]
[assets-global.website-files.com/644911ba57947a8c25ad6be7/64d86fa56d34a83e54e8fbe2_product-designer-role.png]
[assets-global.website-files.com/644911ba57947a8c25ad6be7/64d8704dd343689c70811ca8_build-product.jpg]
[assets-global.website-files.com/644911ba57947a8c25ad6be7/64d870b649c56b85be07f4eb_market-research.jpg]
[assets-global.website-files.com/644911ba57947a8c25ad6be7/64d87103dbbe500d13f4590e_creativity.jpg]
[assets-global.website-files.com/644911ba57947a8c25ad6be7/64d87143a4887f988c692cfd_crtical-thinking.jpg]
[assets-global.website-files.com/644911ba57947a8c25ad6be7/64d8735b98b5a0bfbcdfe947_presentation-skill.jpg]
[musemind.agency/blog/product-designer-skills-needs-to-succeed.html]
[musemind.agency/blog/elements-of-branding-identity-in-design.html]
[assets-global.website-files.com/644911ba57947a8c25ad6be7/6566d51a7b2e8a50061a0f45_ui-design-trend.png]
[assets-global.website-files.com/644911ba57947a8c25ad6be7/6566d4c885f66b9a6d788536_ui-design-trends.png]
[assets-global.website-files.com/644911ba57947a8c25ad6be7/6566daecb73f8c28942c2cfd_design-trend.png]
[assets-global.website-files.com/644911ba57947a8c25ad6be7/6566dbe2bf5131530c88d618_ui-design-trending.png]
[assets-global.website-files.com/644911ba57947a8c25ad6be7/6566dc7ed98799b828b937cd_glass-morphism.png]
[assets-global.website-files.com/644911ba57947a8c25ad6be7/6566dd31e09ad7c6beba45e9_touch-screen-digital-interface.png]
[assets-global.website-files.com/644911ba57947a8c25ad6be7/6566df425ea27b18ff357fd9_crm.png]
[musemind.agency/blog/ui-design-trends.html]
[assets-global.website-files.com/644911ba57947a8c25ad6be7/64d9bd6aa17c06182a551c3c_a-b-testing.jpg]
[assets-global.website-files.com/644911ba57947a8c25ad6be7/64d9bf1ac6a839b28d934101_ab-testing-tools.jpg]
[assets-global.website-files.com/644911ba57947a8c25ad6be7/64d9bf8f03c805f109a22606_a-b-testing-ui-ux.jpg]
[musemind.agency/blog/most-effective-tools-for-a-b-testing.html]
[musemind.agency/blog/reasons-why-you-must-hire-a-product-designer.html]
[assets-global.website-files.com/644911ba57947a8c25ad6be7/64d4a4af78ecb45c7f2e2386_history-of-ux.png]
[assets-global.website-files.com/644911ba57947a8c25ad6be7/64d4a6b574893c82d289ca5e_feng-shui-philosophy.png]
[assets-global.website-files.com/644911ba57947a8c25ad6be7/64d4ab07ba40a8cb787d4c89_fordism-evolution-of-manufacturing-technology-system-1973-768x602.jpg]
[assets-global.website-files.com/644911ba57947a8c25ad6be7/64d4abd1ba40a8cb787db507_dreyfuss.jpg]
[assets-global.website-files.com/644911ba57947a8c25ad6be7/64d4ac319bc8cf229d0ed0a9_walt-disney-ux-designer.jpg]
[musemind.agency/blog/ui-ux-design-history.html]
[assets-global.website-files.com/644911ba57947a8c25ad6be7/64dddd6c3ad20288b84dedfd_uiux-designer-salary.jpg]
[assets-global.website-files.com/644911ba57947a8c25ad6be7/64dddd0a13db10b8d59345dc_Product-Designer.jpg]
[musemind.agency/blog/ui-vs-ux-vs-product-designer.html]
[assets-global.website-files.com/644911ba57947a8c25ad6be7/64dddccc14afc71dc213cd23_salary.jpg]
[assets-global.website-files.com/644911ba57947a8c25ad6be7/64ddde71bcd63c6d671afbe9_ux-research.jpg]
[assets-global.website-files.com/644911ba57947a8c25ad6be7/64dddeb0305332cb8f9d1e09_ux-consultants.jpg]
[assets-global.website-files.com/644911ba57947a8c25ad6be7/64d1ea7a3d5188d85f7b08eb_ui-ux-salary-structure.png]
[musemind.agency/blog/ui-ux-designer-careers-salaries.html]
[musemind.agency/blog/advantages-and-disadvantages-rapid-prototyping.html]
[assets-global.website-files.com/644911ba57947a8c25ad6be7/64dc5e74982c22533dcc356e_rapid-prototyping.png]
[musemind.agency/blog/saas-ux-design.html]
[assets-global.website-files.com/644911ba57947a8c25ad6be7/64dc68777e27dd3b50f4334d_Create-SaaS-UX-Design.jpg]
[assets-global.website-files.com/644911ba57947a8c25ad6be7/64d46afc0c3271d88cb3e39e_best-ui-animation-tools.jpg]
[assets-global.website-files.com/644911ba57947a8c25ad6be7/64dc8612d191ea672cf6bf1e_best-wireframing-tools-ux-designers.jpg]
[assets-global.website-files.com/644911ba57947a8c25ad6be7/64dc5af1ea7a0cc9df66fc24_Chatbot-Design-Process.jpg]
[musemind.agency/blog/design-systems-guideline.html]
[assets-global.website-files.com/644911ba57947a8c25ad6be7/64dc8670af48b21721a34dfb_guideline-to-design-systems.jpg]
[musemind.agency/blog/build-a-unique-brand-identity.html]
[assets-global.website-files.com/644911ba57947a8c25ad6be7/653508ab98e3c6338b0f9877_build-a-unique-brand-identity.jpg]
[musemind.agency/blog/information-architecture-ux-guide.html]
[assets-global.website-files.com/644911ba57947a8c25ad6be7/64dc84a39b3e155875021983_build-ui-ux-Information-Architecture.jpg]
[assets-global.website-files.com/644911ba57947a8c25ad6be7/64d478bcc11009d2444dd571_flat-ui-ux-design.png]
[musemind.agency/blog/difference-between-low-and-high-fidelity-prototypes.html]
[assets-global.website-files.com/644911ba57947a8c25ad6be7/64d4726c6a3c6cb3d842bc44_hi-fidelity-vs-low-fidelity-prototype.jpg]
[assets-global.website-files.com/644911ba57947a8c25ad6be7/64dc4f395fe3eadfb4511a60_High-Fidelity-Prototyping-Complete-Guide.jpg]
[musemind.agency/blog/ui-design-increases-success-rate-mobile-application.html]
[assets-global.website-files.com/644911ba57947a8c25ad6be7/64dc85b21b0f5a78abfca952_mobile-app-ui-ux-design.jpg]
[musemind.agency/blog9317.html]
[musemind.agency/blogf08f.html]
[musemind.agency/index.html]
[cdn.jsdelivr.net/npm/swiper@8/swiper-bundle.min.css]
[musemind.agency/blogebce.html]
[assets-global.website-files.com/644911ba57947a8c25ad6be7/64dc64fd509600b661b869f1_history-and-purpose-of-branding.jpg]
[musemind.agency/author/nuddin.html]
[assets-global.website-files.com/644911ba57947a8c25ad6be7/654363b87827e6007e627166_unilever-brand-logo.png]
[assets-global.website-files.com/644911ba57947a8c25ad6be7/6543674bba7a5590f7a38107_typography.jpg]
[assets-global.website-files.com/644911ba57947a8c25ad6be7/6543698a3080d93e20c1f675_branding-color.png]
[assets-global.website-files.com/644911ba57947a8c25ad6be7/65436c77b25d8b3d495c1956_social-media-platforms.png]
[musemind.agency/blog/art-of-visual-branding.html]
[assets-global.website-files.com/644911ba57947a8c25ad6be7/6530b1ce53b5f11c6c253fad_trust-factor.jpg]
[musemind.agency/blog/why-should-give-your-design-agency-the-freedom-to-innovate.html]
[assets-global.website-files.com/644911ba57947a8c25ad6be7/64d4767f8749f84f929c0334_build-ui-design-system.png]
[assets-global.website-files.com/644911ba57947a8c25ad6be7/64d9b45a00c31f434e408661_Customer-Behavior-Dashboard.png]
[musemind.agency/blog/how-to-build-a-ui-design-system-for-your-website.html]
[assets-global.website-files.com/644911ba57947a8c25ad6be7/64dc737dba717fca22f51103_brand-identity-elements.jpg]
[assets-global.website-files.com/644911ba57947a8c25ad6be7/64ddea967b95d02797a9c7e7_elements-of-brand-identity.png]
[assets-global.website-files.com/644911ba57947a8c25ad6be7/64ddeab976dcec42e49a281d_branding-elements.jpg]
[assets-global.website-files.com/644911ba57947a8c25ad6be7/64ddebcb13db10b8d5a17d8e_musemind-logo-example-300x300.png]
[assets-global.website-files.com/644911ba57947a8c25ad6be7/64ddebf96859ae89cba66fac_tagline-for-your-brand.png]
[assets-global.website-files.com/644911ba57947a8c25ad6be7/64ddec4ee7efe9f85a2f3cd7_branding-elements-.jpg]
[assets-global.website-files.com/644911ba57947a8c25ad6be7/64ddec7ac88aae944eb877f0_consumer-attraction.jpg]
[assets-global.website-files.com/644911ba57947a8c25ad6be7/64ddeca6c7440a9445284176_brand-consitency.jpg]
[musemind.agency/blog/elements-of-branding-identity-in-design.html]
[musemind.agency/elements-of-branding-identity-in-design/index.html]
[musemind.agency/best-ui-ux-prototyping-tools-for-designers/index.html]
[assets-global.website-files.com/644911ba57947a8c25ad6be7/64dc8528746af4414c1166bb_ui-vs-ux-vs-product-designer.jpg]
[assets-global.website-files.com/644911ba57947a8c25ad6be7/64d86384ccb80c2688be61ed_Become-UI-Designer.png]
[musemind.agency/blog/ui-vs-ux-vs-product-designer.html]
[musemind.agency/blog/prototype-vs-wireframe-vs-mockup.html]
[assets-global.website-files.com/644911ba57947a8c25ad6be7/64dca792a8135e1414edd4a4_advantages-of-rapid-prototyping.png]
[assets-global.website-files.com/644911ba57947a8c25ad6be7/64dca8f820c5553df1bd09c4_Product-Quality.jpg]
[musemind.agency/blog/advantages-and-disadvantages-rapid-prototyping.html]
[assets-global.website-files.com/644911ba57947a8c25ad6be7/64ddbf166d52fb49b8db8743_musemind-saas.png]
[assets-global.website-files.com/644911ba57947a8c25ad6be7/64ddbfe9a7443acdef213a19_ux-importance-for-saas.png]
[assets-global.website-files.com/644911ba57947a8c25ad6be7/64ddc03a8fe4fb06d949474c_onboarding-experience.jpg]
[assets-global.website-files.com/644911ba57947a8c25ad6be7/64ddc0624bbc3b0cebbe910c_sign-up-process.jpg]
[assets-global.website-files.com/644911ba57947a8c25ad6be7/64ddc207dcbe84340bb9f629_crm-dashboard.png]
[assets-global.website-files.com/644911ba57947a8c25ad6be7/64ddc0c79a6595c47d736cb4_support.jpg]
[musemind.agency/blog/saas-ux-design.html]
[musemind.agency/blog/top-ui-ux-blogs-for-designer.html]
[musemind.agency/blog/design-systems-guideline.html]
[assets-global.website-files.com/644911ba57947a8c25ad6be7/64dde3c613d5314ef02aee17_Mubasic.png]
[assets-global.website-files.com/644911ba57947a8c25ad6be7/64dde4f870c84606aaccd6df_spotify.png]
[musemind.agency/blog/build-a-unique-brand-identity.html]
[musemind.agency/blog/information-architecture-ux-guide.html]
[assets-global.website-files.com/644911ba57947a8c25ad6be7/64cf6c3a778b61b6802e5af9_hi-fi-prototypes-vs-lo-fi-prototypes.jpg]
[assets-global.website-files.com/644911ba57947a8c25ad6be7/64d8c038d1c7cf33d4ddfae4_high-fidelity-prototype.jpg]
[musemind.agency/blog/difference-between-low-and-high-fidelity-prototypes.html]
[assets-global.website-files.com/644911ba57947a8c25ad6be7/64d9f764a58c786881467555_fitness-mobile app.png]
[musemind.agency/blog/ui-design-increases-success-rate-mobile-application.html]
[musemind.agency/blog9317.html]
[assets-global.website-files.com/644911ba57947a8c25ad6be7/64dc574e85800b64defebdf9_how-to-choose-good-web-design-agency.jpg]
[musemind.agency/blog/how-to-create-a-mobile-app-interface-design.html]
[assets-global.website-files.com/644911ba57947a8c25ad6be7/64dc5f7b38ec1e39e7bb239d_create-a-mobile-app-interface-design.jpg]
[assets-global.website-files.com/644911ba57947a8c25ad6be7/64dc50e3c0287ad3bb743f98_user-engagement-ux.jpg]
[musemind.agency/blog/importance-web-design-digital-marketing-services.html]
[assets-global.website-files.com/644911ba57947a8c25ad6be7/64dc62d8647babaa7583f017_importance-of-website-in-digital-marketing.jpg]
[assets-global.website-files.com/644911ba57947a8c25ad6be7/64dc6a1229516193e1ffbed4_guide-to-product-design-process.png]
[assets-global.website-files.com/644911ba57947a8c25ad6be7/64d454b15256a03dd5cfc4d5_product-designer-vs-product-manager.jpg]
[assets-global.website-files.com/644911ba57947a8c25ad6be7/64dc832897137169dac6b565_prototype-vs-wireframe-vs-mockup.jpg]
[musemind.agency/blog/stakeholder-mapping-ux-design.html]
[assets-global.website-files.com/644911ba57947a8c25ad6be7/65112323022761208e54645d_ux-stakeholder-analysis-mapping-for-design.jpg]
[musemind.agency/blogebce.html]
[musemind.agency/client-review.html]
[musemind.agency/case-study/tamara.html]
[musemind.agency/blog/interaction-design-principles.html]
[musemind.agency/blog/elements-of-brand-strategy.html]
[musemind.agency/blog/steps-create-mobile-prototype-successfully.html]
[musemind.agency/blog/importance-hi-fi-prototyping-new-product-ideas.html]
[musemind.agency/blog/user-interface-design-principles.html]
[musemind.agency/blog/reasons-why-you-must-hire-a-product-designer/index.html]
[musemind.agency/blog/product-design-process/index.html]
[musemind.agency/blog/product-designer-vs-product-manager/index.html]
[assets-global.website-files.com/644911ba57947a8c25ad6be7/64d879135f86def8cd481ad2_Prototype-vs-Wireframe-vs-Mockup.jpg]
[musemind.agency/blog/prototype-vs-wireframe-vs-mockup.html]
[assets-global.website-files.com/644911ba57947a8c25ad6be7/6511258055cb60ae793fcb14_top-ui-ux-blogs-for-designers.jpg]
[assets-global.website-files.com/644911ba57947a8c25ad6be7/64d1c6b09b1e89152586da25_musemind-website.png]
[assets-global.website-files.com/644911ba57947a8c25ad6be7/64ddaf3440d600fb59bc498b_UX-Collective.jpg]
[assets-global.website-files.com/644911ba57947a8c25ad6be7/64ddb02490929635c125e50a_Nielsen-Norman-Group.jpg]
[assets-global.website-files.com/644911ba57947a8c25ad6be7/64ddb0fd30a96174ccd53f31_toptal.jpg]
[assets-global.website-files.com/644911ba57947a8c25ad6be7/64ddb19f6b70d3a3766e1008_usabilitygeek.jpg]
[assets-global.website-files.com/644911ba57947a8c25ad6be7/64ddb29f513adde8218a4a39_uxmag.com.jpg]
[assets-global.website-files.com/644911ba57947a8c25ad6be7/64d1c47035a46f0de768b648_careerfoundry-1024x520.png]
[musemind.agency/blog/future-of-ui-design.html]
[assets-global.website-files.com/644911ba57947a8c25ad6be7/64ddb626c20a55729cd9d58d_awwwards.com.jpg]
[assets-global.website-files.com/644911ba57947a8c25ad6be7/64ddb71b165968522c94a348_smashingmagazine.com.jpg]
[assets-global.website-files.com/644911ba57947a8c25ad6be7/64ddb9f2c4fce474f0230b42_uxmatters.com.jpg]
[assets-global.website-files.com/644911ba57947a8c25ad6be7/64ddbc7570c84606aaabd876_ui-ux-designer.jpg]
[musemind.agency/blog/top-ui-ux-blogs-for-designer.html]
[musemind.agency/our-works/index.html]
[assets-global.website-files.com/644911ba57947a8c25ad6be7/64dcaf8b08f2affe69acc415_task-&-project-management-app-design.png]
[musemind.agency/blog/how-to-create-a-mobile-app-interface-design.html]
[assets-global.website-files.com/644911ba57947a8c25ad6be7/64dcb59393df5d5dcc970207_mobile-app-interface-design.jpg]
[assets-global.website-files.com/644911ba57947a8c25ad6be7/64dcb47114bc179c5b4480eb_success-of-digital-marketing-in-ux.jpg]
[musemind.agency/blog/importance-web-design-digital-marketing-services.html]
[assets-global.website-files.com/644911ba57947a8c25ad6be7/64d9ea8ca7882f67354ecb68_what-is-stakeholder-mapping.png]
[assets-global.website-files.com/644911ba57947a8c25ad6be7/655c6ee49e2a3f38c9c42eb1_stakeholder.png]
[assets-global.website-files.com/644911ba57947a8c25ad6be7/655c6fcd995a0680a79854a9_stakeholder-mapping.png]
[musemind.agency/blog/stakeholder-mapping-ux-design.html]
[musemind.agency/blog/product-design-process.html]
[musemind.agency/blog/best-ui-animation-tools-for-good-designs.html]
[musemind.agency/blog/best-wireframing-tools-ux-designers.html]
[musemind.agency/blog/chatbot-design-process.html]
[assets-global.website-files.com/644911ba57947a8c25ad6be7/64dc5c6f3a0a865dbd9e347f_future-of-ui-design-evolutions-and-change-in-ui.jpg]
[assets-global.website-files.com/644911ba57947a8c25ad6be7/64dca2269259c3f62e6a9621_Virtual-Reality.png]
[assets-global.website-files.com/644911ba57947a8c25ad6be7/64dca2df54cab2e2b8e18dd4_examples-of-AR.png]
[assets-global.website-files.com/644911ba57947a8c25ad6be7/64dca3ebf2e2285b141bbe70_ui-features.jpg]
[musemind.agency/blog/compose-concrete-ux-research-strategy.html]
[musemind.agency/blog/future-of-ui-design.html]
[musemind.agency/blog/importance-of-flat-design-ui-ux.html]
[musemind.agency/blog/high-fidelity-prototyping-complete-guide.html]
[musemind.agency/interaction-design-principles/index.html]
[musemind.agency/ui-ux-process/index.html]
[musemind.agency/blog/what-qualities-make-a-good-ui-design/index.html]
[musemind.agency/blog/most-effective-tools-for-a-b-testing/index.html]
[musemind.agency/blog-category/branding.html]
[musemind.agency/blog-category/business.html]
[musemind.agency/blog/history-and-purpose-of-branding.html]
[musemind.agency/author/nuddina556.html]
[musemind.agency/services/branding-design-and-development-services.html]
[musemind.agency/blog/brand-identity-how-to-develop-a-premium-and-unique-branding-design.html]
[musemind.agency/elements-of-branding-identity-in-design.html]
[musemind.agency/best-ui-ux-prototyping-tools-for-designers.html]
[assets-global.website-files.com/644911ba57947a8c25ad6be7/64d4698ea17b0a05aed469d8_ux-research-strategy.jpg]
[assets-global.website-files.com/644911ba57947a8c25ad6be7/64d8b2562df1e026d15ecf9c_ux-research.png]
[assets-global.website-files.com/644911ba57947a8c25ad6be7/654b0fe8db6fa267c0625828_Research-Objectives.jpg]
[assets-global.website-files.com/644911ba57947a8c25ad6be7/654b0ed692b8819f131afa03_research-design-and-particular-data-collection-Source.png]
[assets-global.website-files.com/644911ba57947a8c25ad6be7/654b0d4f6f207b7ea8189fea_hypothesis-in-design.png]
[musemind.agency/blog/compose-concrete-ux-research-strategy.html]
[musemind.agency/blog/how-to-choose-good-web-design-agency.html]
[musemind.agency/blog/importance-ui-enhancing-user-engagement.html]
[musemind.agency/blog/product-designer-vs-product-manager.html]
[musemind.agency/blogf3b0.html]
[musemind.agency/blog/user-interface-color-for-perfect-design.html]
[musemind.agency/blog/what-are-the-different-stages-of-prototyping.html]
[musemind.agency/our-works.html]
[musemind.agency/interaction-design-principles.html]
[musemind.agency/blog/what-qualities-make-a-good-ui-design.html]
